<?xml version="1.0" encoding="UTF-8"?>
<testng-results ignored="1" total="4" passed="2" failed="1" skipped="0">
  <reporter-output>
  </reporter-output>
  <suite started-at="2022-01-08T16:28:34Z" name="Super Admin Suite" finished-at="2022-01-08T16:28:39Z" duration-ms="5337">
    <groups>
    </groups>
    <test started-at="2022-01-08T16:28:34Z" name="C:/Users/Rabia-Riaz/IdeaProjects/AdTech" finished-at="2022-01-08T16:28:39Z" duration-ms="5337">
      <class name="TestCasesPackage.LoginTestcases">
        <test-method is-config="true" signature="DesireCapability()[pri:0, instance:TestCasesPackage.LoginTestcases@15c43bd9]" started-at="2022-01-08T16:28:06Z" name="DesireCapability" finished-at="2022-01-08T16:28:34Z" duration-ms="27948" status="PASS">
          <reporter-output>
          </reporter-output>
        </test-method> <!-- DesireCapability -->
        <test-method signature="LoginUserTestCase()[pri:0, instance:TestCasesPackage.LoginTestcases@15c43bd9]" started-at="2022-01-08T16:28:34Z" name="LoginUserTestCase" finished-at="2022-01-08T16:28:36Z" duration-ms="1962" status="PASS">
          <reporter-output>
          </reporter-output>
        </test-method> <!-- LoginUserTestCase -->
      </class> <!-- TestCasesPackage.LoginTestcases -->
      <class name="TestCasesPackage.SellerCentralAdminTestCases">
        <test-method signature="abc()[pri:0, instance:TestCasesPackage.SellerCentralAdminTestCases@3d74bf60]" started-at="2022-01-08T16:28:36Z" name="abc" finished-at="2022-01-08T16:28:38Z" duration-ms="2550" status="FAIL">
          <exception class="java.lang.AssertionError">
            <message>
              <![CDATA[Both strings should be matched expected [https://test-adtech.diginc.pk/#/sellerCentral] but found [https://test-adtech.codeinformatics.com/#/sellerCentral]]]>
            </message>
            <full-stacktrace>
              <![CDATA[java.lang.AssertionError: Both strings should be matched expected [https://test-adtech.diginc.pk/#/sellerCentral] but found [https://test-adtech.codeinformatics.com/#/sellerCentral]
at org.testng.Assert.fail(Assert.java:96)
at org.testng.Assert.failNotEquals(Assert.java:776)
at org.testng.Assert.assertEqualsImpl(Assert.java:137)
at org.testng.Assert.assertEquals(Assert.java:118)
at org.testng.Assert.assertEquals(Assert.java:453)
at WebPagesUIPackage.SellerCentralAdminWebPage.ClickOnScheduling(SellerCentralAdminWebPage.java:93)
at TestCasesPackage.SellerCentralAdminTestCases.abc(SellerCentralAdminTestCases.java:20)
at java.base/jdk.internal.reflect.NativeMethodAccessorImpl.invoke0(Native Method)
at java.base/jdk.internal.reflect.NativeMethodAccessorImpl.invoke(NativeMethodAccessorImpl.java:62)
at java.base/jdk.internal.reflect.DelegatingMethodAccessorImpl.invoke(DelegatingMethodAccessorImpl.java:43)
at java.base/java.lang.reflect.Method.invoke(Method.java:566)
at org.testng.internal.MethodInvocationHelper.invokeMethod(MethodInvocationHelper.java:124)
at org.testng.internal.Invoker.invokeMethod(Invoker.java:583)
at org.testng.internal.Invoker.invokeTestMethod(Invoker.java:719)
at org.testng.internal.Invoker.invokeTestMethods(Invoker.java:989)
at org.testng.internal.TestMethodWorker.invokeTestMethods(TestMethodWorker.java:125)
at org.testng.internal.TestMethodWorker.run(TestMethodWorker.java:109)
at org.testng.TestRunner.privateRun(TestRunner.java:648)
at org.testng.TestRunner.run(TestRunner.java:505)
at org.testng.SuiteRunner.runTest(SuiteRunner.java:455)
at org.testng.SuiteRunner.runSequentially(SuiteRunner.java:450)
at org.testng.SuiteRunner.privateRun(SuiteRunner.java:415)
at org.testng.SuiteRunner.run(SuiteRunner.java:364)
at org.testng.SuiteRunnerWorker.runSuite(SuiteRunnerWorker.java:52)
at org.testng.SuiteRunnerWorker.run(SuiteRunnerWorker.java:84)
at org.testng.TestNG.runSuitesSequentially(TestNG.java:1208)
at org.testng.TestNG.runSuitesLocally(TestNG.java:1137)
at org.testng.TestNG.runSuites(TestNG.java:1049)
at org.testng.TestNG.run(TestNG.java:1017)
at com.intellij.rt.testng.IDEARemoteTestNG.run(IDEARemoteTestNG.java:66)
at com.intellij.rt.testng.RemoteTestNGStarter.main(RemoteTestNGStarter.java:109)
]]>
            </full-stacktrace>
          </exception> <!-- java.lang.AssertionError -->
          <reporter-output>
          </reporter-output>
        </test-method> <!-- abc -->
        <test-method signature="ggg()[pri:0, instance:TestCasesPackage.SellerCentralAdminTestCases@3d74bf60]" started-at="2022-01-08T16:28:38Z" name="ggg" finished-at="2022-01-08T16:28:39Z" duration-ms="752" status="PASS">
          <reporter-output>
          </reporter-output>
        </test-method> <!-- ggg -->
      </class> <!-- TestCasesPackage.SellerCentralAdminTestCases -->
    </test> <!-- C:/Users/Rabia-Riaz/IdeaProjects/AdTech -->
  </suite> <!-- Super Admin Suite -->
</testng-results>
